{
  "RSpec": {
    "coverage": {
      "/Users/kimbergstrom/Turing/4mod/projects/tea_me/TeaMe/app/channels/application_cable/channel.rb": {
        "lines": [
          0,
          0,
          0,
          0
        ],
        "branches": {
        }
      },
      "/Users/kimbergstrom/Turing/4mod/projects/tea_me/TeaMe/app/channels/application_cable/connection.rb": {
        "lines": [
          0,
          0,
          0,
          0
        ],
        "branches": {
        }
      },
      "/Users/kimbergstrom/Turing/4mod/projects/tea_me/TeaMe/app/controllers/application_controller.rb": {
        "lines": [
          0,
          0
        ],
        "branches": {
        }
      },
      "/Users/kimbergstrom/Turing/4mod/projects/tea_me/TeaMe/app/controllers/customers_controller.rb": {
        "lines": [
          0,
          0,
          null,
          null,
          0,
          0,
          null,
          0,
          0,
          null,
          null,
          0,
          0,
          0,
          null,
          null,
          0,
          0,
          null,
          0,
          0,
          0,
          0,
          0,
          0,
          null,
          null,
          0,
          0,
          0,
          0,
          0,
          0,
          0,
          null,
          null,
          0,
          0,
          0,
          null,
          0,
          null,
          0,
          0,
          0,
          null,
          null,
          0,
          0,
          0,
          0
        ],
        "branches": {
        }
      },
      "/Users/kimbergstrom/Turing/4mod/projects/tea_me/TeaMe/app/controllers/subscriptions_controller.rb": {
        "lines": [
          0,
          0,
          null,
          null,
          0,
          0,
          null,
          0,
          0,
          null,
          null,
          0,
          0,
          0,
          null,
          null,
          0,
          0,
          null,
          0,
          0,
          0,
          0,
          0,
          0,
          null,
          null,
          0,
          0,
          0,
          0,
          0,
          0,
          0,
          null,
          null,
          0,
          0,
          0,
          null,
          0,
          null,
          0,
          0,
          0,
          null,
          null,
          0,
          0,
          0,
          0
        ],
        "branches": {
        }
      },
      "/Users/kimbergstrom/Turing/4mod/projects/tea_me/TeaMe/app/controllers/teas_controller.rb": {
        "lines": [
          0,
          0,
          null,
          null,
          0,
          0,
          null,
          0,
          0,
          null,
          null,
          0,
          0,
          0,
          null,
          null,
          0,
          0,
          null,
          0,
          0,
          0,
          0,
          0,
          0,
          null,
          null,
          0,
          0,
          0,
          0,
          0,
          0,
          0,
          null,
          null,
          0,
          0,
          0,
          null,
          0,
          null,
          0,
          0,
          0,
          null,
          null,
          0,
          0,
          0,
          0
        ],
        "branches": {
        }
      },
      "/Users/kimbergstrom/Turing/4mod/projects/tea_me/TeaMe/app/jobs/application_job.rb": {
        "lines": [
          0,
          null,
          null,
          null,
          null,
          null,
          0
        ],
        "branches": {
        }
      },
      "/Users/kimbergstrom/Turing/4mod/projects/tea_me/TeaMe/app/mailers/application_mailer.rb": {
        "lines": [
          0,
          0,
          0,
          0
        ],
        "branches": {
        }
      },
      "/Users/kimbergstrom/Turing/4mod/projects/tea_me/TeaMe/app/models/application_record.rb": {
        "lines": [
          0,
          0,
          0
        ],
        "branches": {
        }
      },
      "/Users/kimbergstrom/Turing/4mod/projects/tea_me/TeaMe/app/models/customer.rb": {
        "lines": [
          0,
          0
        ],
        "branches": {
        }
      },
      "/Users/kimbergstrom/Turing/4mod/projects/tea_me/TeaMe/app/models/subscription.rb": {
        "lines": [
          0,
          0
        ],
        "branches": {
        }
      },
      "/Users/kimbergstrom/Turing/4mod/projects/tea_me/TeaMe/app/models/tea.rb": {
        "lines": [
          0,
          0
        ],
        "branches": {
        }
      }
    },
    "timestamp": 1695056866
  }
}
