{
  "RSpec": {
    "coverage": {
      "/Users/kimbergstrom/Turing/4mod/projects/tea_me/TeaMe/app/models/customer.rb": {
        "lines": [
          1,
          1,
          1,
          null,
          1,
          1,
          null
        ]
      },
      "/Users/kimbergstrom/Turing/4mod/projects/tea_me/TeaMe/app/models/application_record.rb": {
        "lines": [
          1,
          1,
          null
        ]
      },
      "/Users/kimbergstrom/Turing/4mod/projects/tea_me/TeaMe/app/models/subscription.rb": {
        "lines": [
          1,
          1,
          null,
          1,
          1,
          1,
          null,
          1,
          1,
          null,
          1,
          null,
          1,
          1,
          null,
          null
        ]
      },
      "/Users/kimbergstrom/Turing/4mod/projects/tea_me/TeaMe/app/models/subscription_tea.rb": {
        "lines": [
          1,
          1,
          1,
          null
        ]
      },
      "/Users/kimbergstrom/Turing/4mod/projects/tea_me/TeaMe/app/models/tea.rb": {
        "lines": [
          1,
          1,
          1,
          null,
          1,
          null
        ]
      },
      "/Users/kimbergstrom/Turing/4mod/projects/tea_me/TeaMe/app/controllers/api/v1/customers/subscriptions_controller.rb": {
        "lines": [
          1,
          1,
          null,
          1,
          null,
          1,
          2,
          2,
          2,
          null,
          2,
          1,
          null,
          1,
          null,
          null,
          null,
          1,
          2,
          2,
          1,
          null,
          1,
          null,
          null,
          null,
          1,
          1,
          1,
          null,
          null,
          1,
          null,
          1,
          5,
          null,
          null,
          1,
          2,
          null,
          null,
          null
        ]
      },
      "/Users/kimbergstrom/Turing/4mod/projects/tea_me/TeaMe/app/controllers/application_controller.rb": {
        "lines": [
          1,
          null
        ]
      },
      "/Users/kimbergstrom/Turing/4mod/projects/tea_me/TeaMe/app/serializers/subscription_serializer.rb": {
        "lines": [
          1,
          1,
          1,
          null
        ]
      }
    },
    "timestamp": 1695159803
  }
}
